

Version:	3.50
CmdLine:	C:\Users\xarro\RoboRunner\RoboRunner\RobotRunner.exe --l4j-debug
JNI:		No
WOW64:		Yes
Working dir:	C:\Users\xarro\RoboRunner\RoboRunner\.
Requires JDK:	No
Requires 64-Bit: No
Java min ver:	1.023.000
Java max ver:	
Substitute:	JAVA_HOME = 
Substitute:	PATH = C:\Program Files\Common Files\Oracle\Java\javapath;C:\Windows\system32;C:\Windows;C:\Windows\System32\Wbem;C:\Windows\System32\WindowsPowerShell\v1.0\;C:\Windows\System32\OpenSSH\;C:\Program Files\Git\cmd;C:\Users\xarro\AppData\Local\Programs\Python\Python312\Scripts\;C:\Users\xarro\AppData\Local\Programs\Python\Python312\;C:\Users\xarro\AppData\Local\Microsoft\WindowsApps;C:\Users\xarro\AppData\Local\Programs\Microsoft VS Code\bin;C:\Users\xarro\compiladores\tcc-0.9.26-win64-bin\tcc;C:\Users\xarro\compiladores\python-3.12.6-embed-amd64;C:\Users\xarro\compiladores\php-8.3.11-nts-Win32-vs16-x64;C:\Users\xarro\compiladores\jdk-23\bin;C:\Users\xarro\Programación\Ejercicio1 Parejas;C:\Users\xarro\compiladores\apache-maven-3.9.9\bin;C:\Program Files\Git\bin;C:\Users\xarro\.lando\bin;C:\Users\xarro\AppData\Local\JetBrains\Toolbox\scripts;C:\Users\xarro\compiladores\jdk-23\bin
JRE paths:	;C:\Program Files\Common Files\Oracle\Java\javapath;C:\Windows\system32;C:\Windows;C:\Windows\System32\Wbem;C:\Windows\System32\WindowsPowerShell\v1.0\;C:\Windows\System32\OpenSSH\;C:\Program Files\Git\cmd;C:\Users\xarro\AppData\Local\Programs\Python\Python312\Scripts\;C:\Users\xarro\AppData\Local\Programs\Python\Python312\;C:\Users\xarro\AppData\Local\Microsoft\WindowsApps;C:\Users\xarro\AppData\Local\Programs\Microsoft VS Code\bin;C:\Users\xarro\compiladores\tcc-0.9.26-win64-bin\tcc;C:\Users\xarro\compiladores\python-3.12.6-embed-amd64;C:\Users\xarro\compiladores\php-8.3.11-nts-Win32-vs16-x64;C:\Users\xarro\compiladores\jdk-23\bin;C:\Users\xarro\Programación\Ejercicio1 Parejas;C:\Users\xarro\compiladores\apache-maven-3.9.9\bin;C:\Program Files\Git\bin;C:\Users\xarro\.lando\bin;C:\Users\xarro\AppData\Local\JetBrains\Toolbox\scripts;C:\Users\xarro\compiladores\jdk-23\bin
Check launcher:	C:\Program Files\Common Files\Oracle\Java\javapath\bin\javaw.exe (not found)
Check launcher:	C:\Windows\system32\bin\javaw.exe (not found)
Check launcher:	C:\Windows\bin\javaw.exe (not found)
Check launcher:	C:\Windows\System32\Wbem\bin\javaw.exe (not found)
Check launcher:	C:\Windows\System32\WindowsPowerShell\v1.0\bin\javaw.exe (not found)
Check launcher:	C:\Windows\System32\OpenSSH\bin\javaw.exe (not found)
Check launcher:	C:\Program Files\Git\cmd\bin\javaw.exe (not found)
Check launcher:	C:\Users\xarro\AppData\Local\Programs\Python\Python312\Scripts\bin\javaw.exe (not found)
Check launcher:	C:\Users\xarro\AppData\Local\Programs\Python\Python312\bin\javaw.exe (not found)
Check launcher:	C:\Users\xarro\AppData\Local\Microsoft\WindowsApps\bin\javaw.exe (not found)
Check launcher:	C:\Users\xarro\AppData\Local\Programs\Microsoft VS Code\bin\javaw.exe (not found)
Check launcher:	C:\Users\xarro\compiladores\tcc-0.9.26-win64-bin\tcc\bin\javaw.exe (not found)
Check launcher:	C:\Users\xarro\compiladores\python-3.12.6-embed-amd64\bin\javaw.exe (not found)
Check launcher:	C:\Users\xarro\compiladores\php-8.3.11-nts-Win32-vs16-x64\bin\javaw.exe (not found)
Check launcher:	C:\Users\xarro\compiladores\jdk-23\bin\javaw.exe (OK)
Version string: 1.023.000 / 64-Bit (OK)
Launcher:	C:\Users\xarro\compiladores\jdk-23\bin\javaw.exe
Launcher args:	-jar "C:\Users\xarro\RoboRunner\RoboRunner\RobotRunner.exe"
Args length:	59/32768 chars
Exit code:	0


Version:	3.50
CmdLine:	C:\Users\xarro\RoboRunner\RoboRunner\RobotRunner.exe --l4j-debug
JNI:		No
WOW64:		Yes
Working dir:	C:\Users\xarro\RoboRunner\RoboRunner\.
Requires JDK:	No
Requires 64-Bit: No
Java min ver:	1.023.000
Java max ver:	
Substitute:	JAVA_HOME = 
Substitute:	PATH = C:\Program Files\Common Files\Oracle\Java\javapath;C:\Windows\system32;C:\Windows;C:\Windows\System32\Wbem;C:\Windows\System32\WindowsPowerShell\v1.0\;C:\Windows\System32\OpenSSH\;C:\Program Files\Git\cmd;C:\Users\xarro\AppData\Local\Programs\Python\Python312\Scripts\;C:\Users\xarro\AppData\Local\Programs\Python\Python312\;C:\Users\xarro\AppData\Local\Microsoft\WindowsApps;C:\Users\xarro\AppData\Local\Programs\Microsoft VS Code\bin;C:\Users\xarro\compiladores\tcc-0.9.26-win64-bin\tcc;C:\Users\xarro\compiladores\python-3.12.6-embed-amd64;C:\Users\xarro\compiladores\php-8.3.11-nts-Win32-vs16-x64;C:\Users\xarro\compiladores\jdk-23\bin;C:\Users\xarro\Programación\Ejercicio1 Parejas;C:\Users\xarro\compiladores\apache-maven-3.9.9\bin;C:\Program Files\Git\bin;C:\Users\xarro\.lando\bin;C:\Users\xarro\AppData\Local\JetBrains\Toolbox\scripts;C:\Users\xarro\compiladores\jdk-23\bin
JRE paths:	;C:\Program Files\Common Files\Oracle\Java\javapath;C:\Windows\system32;C:\Windows;C:\Windows\System32\Wbem;C:\Windows\System32\WindowsPowerShell\v1.0\;C:\Windows\System32\OpenSSH\;C:\Program Files\Git\cmd;C:\Users\xarro\AppData\Local\Programs\Python\Python312\Scripts\;C:\Users\xarro\AppData\Local\Programs\Python\Python312\;C:\Users\xarro\AppData\Local\Microsoft\WindowsApps;C:\Users\xarro\AppData\Local\Programs\Microsoft VS Code\bin;C:\Users\xarro\compiladores\tcc-0.9.26-win64-bin\tcc;C:\Users\xarro\compiladores\python-3.12.6-embed-amd64;C:\Users\xarro\compiladores\php-8.3.11-nts-Win32-vs16-x64;C:\Users\xarro\compiladores\jdk-23\bin;C:\Users\xarro\Programación\Ejercicio1 Parejas;C:\Users\xarro\compiladores\apache-maven-3.9.9\bin;C:\Program Files\Git\bin;C:\Users\xarro\.lando\bin;C:\Users\xarro\AppData\Local\JetBrains\Toolbox\scripts;C:\Users\xarro\compiladores\jdk-23\bin
Check launcher:	C:\Program Files\Common Files\Oracle\Java\javapath\bin\javaw.exe (not found)
Check launcher:	C:\Windows\system32\bin\javaw.exe (not found)
Check launcher:	C:\Windows\bin\javaw.exe (not found)
Check launcher:	C:\Windows\System32\Wbem\bin\javaw.exe (not found)
Check launcher:	C:\Windows\System32\WindowsPowerShell\v1.0\bin\javaw.exe (not found)
Check launcher:	C:\Windows\System32\OpenSSH\bin\javaw.exe (not found)
Check launcher:	C:\Program Files\Git\cmd\bin\javaw.exe (not found)
Check launcher:	C:\Users\xarro\AppData\Local\Programs\Python\Python312\Scripts\bin\javaw.exe (not found)
Check launcher:	C:\Users\xarro\AppData\Local\Programs\Python\Python312\bin\javaw.exe (not found)
Check launcher:	C:\Users\xarro\AppData\Local\Microsoft\WindowsApps\bin\javaw.exe (not found)
Check launcher:	C:\Users\xarro\AppData\Local\Programs\Microsoft VS Code\bin\javaw.exe (not found)
Check launcher:	C:\Users\xarro\compiladores\tcc-0.9.26-win64-bin\tcc\bin\javaw.exe (not found)
Check launcher:	C:\Users\xarro\compiladores\python-3.12.6-embed-amd64\bin\javaw.exe (not found)
Check launcher:	C:\Users\xarro\compiladores\php-8.3.11-nts-Win32-vs16-x64\bin\javaw.exe (not found)
Check launcher:	C:\Users\xarro\compiladores\jdk-23\bin\javaw.exe (OK)
Version string: 1.023.000 / 64-Bit (OK)
Launcher:	C:\Users\xarro\compiladores\jdk-23\bin\javaw.exe
Launcher args:	--module-path ".\lib\openjfx-24.0.1_windows-x64_bin-sdk\javafx-sdk-24.0.1\lib" --add-modules javafx.controls,javafx.fxml -jar "C:\Users\xarro\RoboRunner\RoboRunner\RobotRunner.exe"
Args length:	180/32768 chars
Exit code:	0
