

Version:	3.50
CmdLine:	E:\roborunner\RoboRunner\dist\RobotRunner.exe --l4j-debug
JNI:		No
WOW64:		Yes
Working dir:	E:\roborunner\RoboRunner\dist\.
Requires JDK:	Yes
Requires 64-Bit: Yes
Java min ver:	1.017.000
Java max ver:	
JRE paths:	runtime
Check launcher:	E:\roborunner\RoboRunner\dist\runtime\bin\javaw.exe (not found)
64-bit search:	SOFTWARE\JavaSoft\Java Development Kit...
64-bit search:	SOFTWARE\JavaSoft\JDK...
Check:		SOFTWARE\JavaSoft\JDK\17.0.12
Version string: 1.017.000_012 / 64-Bit (OK)
Check launcher:	C:\Program Files\Java\jdk-17\bin\javaw.exe (OK)
Check javac:	C:\Program Files\Java\jdk-17\bin\javac.exe (OK)
Match:		1.017.000_012
Runtime used:	1.017.000_012 (64-bit)
Heap -Xms:	Requested 128 MB / 0%, Available: 23571 MB, Heap size: 128 MB
Heap -Xmx:	Requested 512 MB / 0%, Available: 23571 MB, Heap size: 512 MB
Main class:	production.RoboRunner.Main
Add classpath:	dist\lib\javafx.controls.jar
Add classpath:	dist\lib\javafx.graphics.jar
Add classpath:	dist\lib\javafx.base.jar
Add classpath:	dist\lib\javafx.fxml.jar
Launcher:	C:\Program Files\Java\jdk-17\bin\javaw.exe
Launcher args:	-Xms128m -Xmx512m -classpath "E:\roborunner\RoboRunner\dist\RobotRunner.exe;dist\lib\javafx.controls.jar;dist\lib\javafx.graphics.jar;dist\lib\javafx.base.jar;dist\lib\javafx.fxml.jar" production.RoboRunner.Main
Args length:	211/32768 chars
Exit code:	1


Version:	3.50
CmdLine:	E:\roborunner\RoboRunner\dist\RobotRunner.exe --l4j-debug
JNI:		No
WOW64:		Yes
Working dir:	E:\roborunner\RoboRunner\dist\.
Requires JDK:	Yes
Requires 64-Bit: Yes
Java min ver:	1.017.000
Java max ver:	
JRE paths:	runtime
Check launcher:	E:\roborunner\RoboRunner\dist\runtime\bin\javaw.exe (not found)
64-bit search:	SOFTWARE\JavaSoft\Java Development Kit...
64-bit search:	SOFTWARE\JavaSoft\JDK...
Check:		SOFTWARE\JavaSoft\JDK\17.0.12
Version string: 1.017.000_012 / 64-Bit (OK)
Check launcher:	C:\Program Files\Java\jdk-17\bin\javaw.exe (OK)
Check javac:	C:\Program Files\Java\jdk-17\bin\javac.exe (OK)
Match:		1.017.000_012
Runtime used:	1.017.000_012 (64-bit)
Main class:	Main
Add classpath:	dist\lib\javafx.controls.jar
Add classpath:	dist\lib\javafx.graphics.jar
Add classpath:	dist\lib\javafx.base.jar
Add classpath:	dist\lib\javafx.fxml.jar
Launcher:	C:\Program Files\Java\jdk-17\bin\javaw.exe
Launcher args:	-Dprism.order=sw -classpath "E:\roborunner\RoboRunner\dist\RobotRunner.exe;dist\lib\javafx.controls.jar;dist\lib\javafx.graphics.jar;dist\lib\javafx.base.jar;dist\lib\javafx.fxml.jar" Main
Args length:	188/32768 chars
Exit code:	1


Version:	3.50
CmdLine:	E:\roborunner\RoboRunner\dist\RobotRunner.exe --l4j-debug
JNI:		No
WOW64:		Yes
Working dir:	E:\roborunner\RoboRunner\dist\.
Requires JDK:	Yes
Requires 64-Bit: Yes
Java min ver:	1.017.000
Java max ver:	
JRE paths:	runtime
Check launcher:	E:\roborunner\RoboRunner\dist\runtime\bin\javaw.exe (not found)
64-bit search:	SOFTWARE\JavaSoft\Java Development Kit...
64-bit search:	SOFTWARE\JavaSoft\JDK...
Check:		SOFTWARE\JavaSoft\JDK\17.0.12
Version string: 1.017.000_012 / 64-Bit (OK)
Check launcher:	C:\Program Files\Java\jdk-17\bin\javaw.exe (OK)
Check javac:	C:\Program Files\Java\jdk-17\bin\javac.exe (OK)
Match:		1.017.000_012
Runtime used:	1.017.000_012 (64-bit)
Main class:	production.RoboRunner.Main
Add classpath:	dist\lib\javafx.controls.jar
Add classpath:	dist\lib\javafx.graphics.jar
Add classpath:	dist\lib\javafx.base.jar
Add classpath:	dist\lib\javafx.fxml.jar
Launcher:	C:\Program Files\Java\jdk-17\bin\javaw.exe
Launcher args:	-Dprism.order=sw -classpath "E:\roborunner\RoboRunner\dist\RobotRunner.exe;dist\lib\javafx.controls.jar;dist\lib\javafx.graphics.jar;dist\lib\javafx.base.jar;dist\lib\javafx.fxml.jar" production.RoboRunner.Main
Args length:	210/32768 chars
Exit code:	1


Version:	3.50
CmdLine:	E:\roborunner\RoboRunner\dist\RobotRunner.exe --l4j-debug
JNI:		No
WOW64:		Yes
Working dir:	E:\roborunner\RoboRunner\dist\.
Requires JDK:	Yes
Requires 64-Bit: Yes
Java min ver:	1.017.000
Java max ver:	
JRE paths:	runtime
Check launcher:	E:\roborunner\RoboRunner\dist\runtime\bin\javaw.exe (not found)
64-bit search:	SOFTWARE\JavaSoft\Java Development Kit...
64-bit search:	SOFTWARE\JavaSoft\JDK...
Check:		SOFTWARE\JavaSoft\JDK\17.0.12
Version string: 1.017.000_012 / 64-Bit (OK)
Check launcher:	C:\Program Files\Java\jdk-17\bin\javaw.exe (OK)
Check javac:	C:\Program Files\Java\jdk-17\bin\javac.exe (OK)
Match:		1.017.000_012
Runtime used:	1.017.000_012 (64-bit)
Main class:	Main
Add classpath:	dist\lib\javafx.controls.jar
Add classpath:	dist\lib\javafx.graphics.jar
Add classpath:	dist\lib\javafx.base.jar
Add classpath:	dist\lib\javafx.fxml.jar
Launcher:	C:\Program Files\Java\jdk-17\bin\javaw.exe
Launcher args:	-Dprism.order=sw -classpath "E:\roborunner\RoboRunner\dist\RobotRunner.exe;dist\lib\javafx.controls.jar;dist\lib\javafx.graphics.jar;dist\lib\javafx.base.jar;dist\lib\javafx.fxml.jar" Main
Args length:	188/32768 chars
Exit code:	1


Version:	3.50
CmdLine:	E:\roborunner\RoboRunner\dist\RobotRunner.exe --l4j-debug
JNI:		No
WOW64:		Yes
Working dir:	E:\roborunner\RoboRunner\dist\.
Requires JDK:	Yes
Requires 64-Bit: Yes
Java min ver:	1.017.000
Java max ver:	
JRE paths:	runtime
Check launcher:	E:\roborunner\RoboRunner\dist\runtime\bin\javaw.exe (not found)
64-bit search:	SOFTWARE\JavaSoft\Java Development Kit...
64-bit search:	SOFTWARE\JavaSoft\JDK...
Check:		SOFTWARE\JavaSoft\JDK\17.0.12
Version string: 1.017.000_012 / 64-Bit (OK)
Check launcher:	C:\Program Files\Java\jdk-17\bin\javaw.exe (OK)
Check javac:	C:\Program Files\Java\jdk-17\bin\javac.exe (OK)
Match:		1.017.000_012
Runtime used:	1.017.000_012 (64-bit)
Main class:	Main
Add classpath:	dist\lib\javafx.controls.jar
Add classpath:	dist\lib\javafx.graphics.jar
Add classpath:	dist\lib\javafx.base.jar
Add classpath:	dist\lib\javafx.fxml.jar
Launcher:	C:\Program Files\Java\jdk-17\bin\javaw.exe
Launcher args:	-Dprism.order=sw -classpath "E:\roborunner\RoboRunner\dist\RobotRunner.exe;dist\lib\javafx.controls.jar;dist\lib\javafx.graphics.jar;dist\lib\javafx.base.jar;dist\lib\javafx.fxml.jar" Main
Args length:	188/32768 chars
Exit code:	1


Version:	3.50
CmdLine:	E:\roborunner\RoboRunner\dist\RobotRunner.exe --l4j-debug
JNI:		No
WOW64:		Yes
Working dir:	E:\roborunner\RoboRunner\dist\.
Requires JDK:	Yes
Requires 64-Bit: Yes
Java min ver:	1.017.000
Java max ver:	
JRE paths:	runtime
Check launcher:	E:\roborunner\RoboRunner\dist\runtime\bin\javaw.exe (not found)
64-bit search:	SOFTWARE\JavaSoft\Java Development Kit...
64-bit search:	SOFTWARE\JavaSoft\JDK...
Check:		SOFTWARE\JavaSoft\JDK\17.0.12
Version string: 1.017.000_012 / 64-Bit (OK)
Check launcher:	C:\Program Files\Java\jdk-17\bin\javaw.exe (OK)
Check javac:	C:\Program Files\Java\jdk-17\bin\javac.exe (OK)
Match:		1.017.000_012
Runtime used:	1.017.000_012 (64-bit)
Main class:	Main
Add classpath:	dist\lib\javafx.controls.jar
Add classpath:	dist\lib\javafx.graphics.jar
Add classpath:	dist\lib\javafx.base.jar
Add classpath:	dist\lib\javafx.fxml.jar
Launcher:	C:\Program Files\Java\jdk-17\bin\javaw.exe
Launcher args:	-Dprism.order=sw -classpath "E:\roborunner\RoboRunner\dist\RobotRunner.exe;dist\lib\javafx.controls.jar;dist\lib\javafx.graphics.jar;dist\lib\javafx.base.jar;dist\lib\javafx.fxml.jar" Main
Args length:	188/32768 chars
Exit code:	1


Version:	3.50
CmdLine:	E:\roborunner\RoboRunner\dist\RobotRunner.exe --l4j-debug
JNI:		No
WOW64:		Yes
Working dir:	E:\roborunner\RoboRunner\dist\.
Requires JDK:	Yes
Requires 64-Bit: Yes
Java min ver:	1.017.000
Java max ver:	
JRE paths:	runtime
Check launcher:	E:\roborunner\RoboRunner\dist\runtime\bin\javaw.exe (not found)
64-bit search:	SOFTWARE\JavaSoft\Java Development Kit...
64-bit search:	SOFTWARE\JavaSoft\JDK...
Check:		SOFTWARE\JavaSoft\JDK\17.0.12
Version string: 1.017.000_012 / 64-Bit (OK)
Check launcher:	C:\Program Files\Java\jdk-17\bin\javaw.exe (OK)
Check javac:	C:\Program Files\Java\jdk-17\bin\javac.exe (OK)
Match:		1.017.000_012
Runtime used:	1.017.000_012 (64-bit)
Main class:	Main
Add classpath:	dist\lib\javafx.controls.jar
Add classpath:	dist\lib\javafx.graphics.jar
Add classpath:	dist\lib\javafx.base.jar
Add classpath:	dist\lib\javafx.fxml.jar
Launcher:	C:\Program Files\Java\jdk-17\bin\javaw.exe
Launcher args:	-Dprism.order=sw -classpath "E:\roborunner\RoboRunner\dist\RobotRunner.exe;dist\lib\javafx.controls.jar;dist\lib\javafx.graphics.jar;dist\lib\javafx.base.jar;dist\lib\javafx.fxml.jar" Main
Args length:	188/32768 chars
Exit code:	1


Version:	3.50
CmdLine:	E:\roborunner\RoboRunner\dist\RobotRunner.exe --l4j-debug
JNI:		No
WOW64:		Yes
Working dir:	E:\roborunner\RoboRunner\dist\.
Requires JDK:	Yes
Requires 64-Bit: Yes
Java min ver:	1.017.000
Java max ver:	
JRE paths:	runtime
Check launcher:	E:\roborunner\RoboRunner\dist\runtime\bin\javaw.exe (not found)
64-bit search:	SOFTWARE\JavaSoft\Java Development Kit...
64-bit search:	SOFTWARE\JavaSoft\JDK...
Check:		SOFTWARE\JavaSoft\JDK\17.0.12
Version string: 1.017.000_012 / 64-Bit (OK)
Check launcher:	C:\Program Files\Java\jdk-17\bin\javaw.exe (OK)
Check javac:	C:\Program Files\Java\jdk-17\bin\javac.exe (OK)
Match:		1.017.000_012
Runtime used:	1.017.000_012 (64-bit)
Main class:	Main
Add classpath:	dist\lib\javafx.controls.jar
Add classpath:	dist\lib\javafx.graphics.jar
Add classpath:	dist\lib\javafx.base.jar
Add classpath:	dist\lib\javafx.fxml.jar
Launcher:	C:\Program Files\Java\jdk-17\bin\javaw.exe
Launcher args:	-Dprism.order=sw -classpath "E:\roborunner\RoboRunner\dist\RobotRunner.exe;dist\lib\javafx.controls.jar;dist\lib\javafx.graphics.jar;dist\lib\javafx.base.jar;dist\lib\javafx.fxml.jar" Main
Args length:	188/32768 chars
Exit code:	1


Version:	3.50
CmdLine:	E:\roborunner\RoboRunner\dist\RobotRunner.exe --l4j-debug
JNI:		No
WOW64:		Yes
Working dir:	E:\roborunner\RoboRunner\dist\.
Requires JDK:	Yes
Requires 64-Bit: Yes
Java min ver:	1.017.000
Java max ver:	
JRE paths:	runtime
Check launcher:	E:\roborunner\RoboRunner\dist\runtime\bin\javaw.exe (not found)
64-bit search:	SOFTWARE\JavaSoft\Java Development Kit...
64-bit search:	SOFTWARE\JavaSoft\JDK...
Check:		SOFTWARE\JavaSoft\JDK\17.0.12
Version string: 1.017.000_012 / 64-Bit (OK)
Check launcher:	C:\Program Files\Java\jdk-17\bin\javaw.exe (OK)
Check javac:	C:\Program Files\Java\jdk-17\bin\javac.exe (OK)
Match:		1.017.000_012
Runtime used:	1.017.000_012 (64-bit)
Main class:	Main
Add classpath:	dist\lib\javafx.controls.jar
Add classpath:	dist\lib\javafx.graphics.jar
Add classpath:	dist\lib\javafx.base.jar
Add classpath:	dist\lib\javafx.fxml.jar
Launcher:	C:\Program Files\Java\jdk-17\bin\javaw.exe
Launcher args:	-Dprism.order=sw -classpath "E:\roborunner\RoboRunner\dist\RobotRunner.exe;dist\lib\javafx.controls.jar;dist\lib\javafx.graphics.jar;dist\lib\javafx.base.jar;dist\lib\javafx.fxml.jar" Main
Args length:	188/32768 chars
Exit code:	1


Version:	3.50
CmdLine:	E:\roborunner\RoboRunner\dist\RobotRunner.exe --l4j-debug
JNI:		No
WOW64:		Yes
Working dir:	E:\roborunner\RoboRunner\dist\.
Requires JDK:	Yes
Requires 64-Bit: Yes
Java min ver:	1.017.000
Java max ver:	
JRE paths:	runtime
Check launcher:	E:\roborunner\RoboRunner\dist\runtime\bin\javaw.exe (not found)
64-bit search:	SOFTWARE\JavaSoft\Java Development Kit...
64-bit search:	SOFTWARE\JavaSoft\JDK...
Check:		SOFTWARE\JavaSoft\JDK\17.0.12
Version string: 1.017.000_012 / 64-Bit (OK)
Check launcher:	C:\Program Files\Java\jdk-17\bin\javaw.exe (OK)
Check javac:	C:\Program Files\Java\jdk-17\bin\javac.exe (OK)
Match:		1.017.000_012
Runtime used:	1.017.000_012 (64-bit)
Main class:	Main
Add classpath:	dist\lib\javafx.controls.jar
Add classpath:	dist\lib\javafx.graphics.jar
Add classpath:	dist\lib\javafx.base.jar
Add classpath:	dist\lib\javafx.fxml.jar
Launcher:	C:\Program Files\Java\jdk-17\bin\javaw.exe
Launcher args:	-Dprism.order=sw -classpath "E:\roborunner\RoboRunner\dist\RobotRunner.exe;dist\lib\javafx.controls.jar;dist\lib\javafx.graphics.jar;dist\lib\javafx.base.jar;dist\lib\javafx.fxml.jar" Main
Args length:	188/32768 chars
Exit code:	1


Version:	3.50
CmdLine:	E:\roborunner\RoboRunner\dist\RobotRunner.exe --l4j-debug
JNI:		No
WOW64:		Yes
Working dir:	E:\roborunner\RoboRunner\dist\.
Requires JDK:	Yes
Requires 64-Bit: Yes
Java min ver:	1.017.000
Java max ver:	
JRE paths:	runtime
Check launcher:	E:\roborunner\RoboRunner\dist\runtime\bin\javaw.exe (not found)
64-bit search:	SOFTWARE\JavaSoft\Java Development Kit...
64-bit search:	SOFTWARE\JavaSoft\JDK...
Check:		SOFTWARE\JavaSoft\JDK\17.0.12
Version string: 1.017.000_012 / 64-Bit (OK)
Check launcher:	C:\Program Files\Java\jdk-17\bin\javaw.exe (OK)
Check javac:	C:\Program Files\Java\jdk-17\bin\javac.exe (OK)
Match:		1.017.000_012
Runtime used:	1.017.000_012 (64-bit)
Main class:	Main
Add classpath:	dist\lib\javafx.controls.jar
Add classpath:	dist\lib\javafx.graphics.jar
Add classpath:	dist\lib\javafx.base.jar
Add classpath:	dist\lib\javafx.fxml.jar
Launcher:	C:\Program Files\Java\jdk-17\bin\javaw.exe
Launcher args:	-Dprism.order=sw -classpath "E:\roborunner\RoboRunner\dist\RobotRunner.exe;dist\lib\javafx.controls.jar;dist\lib\javafx.graphics.jar;dist\lib\javafx.base.jar;dist\lib\javafx.fxml.jar" Main
Args length:	188/32768 chars
Exit code:	1


Version:	3.50
CmdLine:	E:\roborunner\RoboRunner\dist\RobotRunner.exe --l4j-debug
JNI:		No
WOW64:		Yes
Working dir:	E:\roborunner\RoboRunner\dist\.
Requires JDK:	Yes
Requires 64-Bit: Yes
Java min ver:	1.017.000
Java max ver:	
JRE paths:	runtime
Check launcher:	E:\roborunner\RoboRunner\dist\runtime\bin\javaw.exe (not found)
64-bit search:	SOFTWARE\JavaSoft\Java Development Kit...
64-bit search:	SOFTWARE\JavaSoft\JDK...
Check:		SOFTWARE\JavaSoft\JDK\17.0.12
Version string: 1.017.000_012 / 64-Bit (OK)
Check launcher:	C:\Program Files\Java\jdk-17\bin\javaw.exe (OK)
Check javac:	C:\Program Files\Java\jdk-17\bin\javac.exe (OK)
Match:		1.017.000_012
Runtime used:	1.017.000_012 (64-bit)
Main class:	Main
Add classpath:	dist\lib\javafx.controls.jar
Add classpath:	dist\lib\javafx.graphics.jar
Add classpath:	dist\lib\javafx.base.jar
Add classpath:	dist\lib\javafx.fxml.jar
Launcher:	C:\Program Files\Java\jdk-17\bin\javaw.exe
Launcher args:	-Dprism.order=sw -classpath "E:\roborunner\RoboRunner\dist\RobotRunner.exe;dist\lib\javafx.controls.jar;dist\lib\javafx.graphics.jar;dist\lib\javafx.base.jar;dist\lib\javafx.fxml.jar" Main
Args length:	188/32768 chars
Exit code:	1


Version:	3.50
CmdLine:	E:\roborunner\RoboRunner\dist\RobotRunner.exe --l4j-debug
JNI:		No
WOW64:		Yes
Working dir:	E:\roborunner\RoboRunner\dist\.
Requires JDK:	Yes
Requires 64-Bit: Yes
Java min ver:	1.017.000
Java max ver:	
JRE paths:	runtime
Check launcher:	E:\roborunner\RoboRunner\dist\runtime\bin\javaw.exe (not found)
64-bit search:	SOFTWARE\JavaSoft\Java Development Kit...
64-bit search:	SOFTWARE\JavaSoft\JDK...
Check:		SOFTWARE\JavaSoft\JDK\17.0.12
Version string: 1.017.000_012 / 64-Bit (OK)
Check launcher:	C:\Program Files\Java\jdk-17\bin\javaw.exe (OK)
Check javac:	C:\Program Files\Java\jdk-17\bin\javac.exe (OK)
Match:		1.017.000_012
Runtime used:	1.017.000_012 (64-bit)
Main class:	Main
Add classpath:	dist\lib\javafx.controls.jar
Add classpath:	dist\lib\javafx.graphics.jar
Add classpath:	dist\lib\javafx.base.jar
Add classpath:	dist\lib\javafx.fxml.jar
Launcher:	C:\Program Files\Java\jdk-17\bin\javaw.exe
Launcher args:	-Dprism.order=sw -classpath "E:\roborunner\RoboRunner\dist\RobotRunner.exe;dist\lib\javafx.controls.jar;dist\lib\javafx.graphics.jar;dist\lib\javafx.base.jar;dist\lib\javafx.fxml.jar" Main
Args length:	188/32768 chars
Exit code:	1


Version:	3.50
CmdLine:	E:\roborunner\RoboRunner\dist\RobotRunner.exe --l4j-debug
JNI:		No
WOW64:		Yes
Working dir:	E:\roborunner\RoboRunner\dist\.
Requires JDK:	Yes
Requires 64-Bit: Yes
Java min ver:	1.017.000
Java max ver:	
JRE paths:	runtime
Check launcher:	E:\roborunner\RoboRunner\dist\runtime\bin\javaw.exe (not found)
64-bit search:	SOFTWARE\JavaSoft\Java Development Kit...
64-bit search:	SOFTWARE\JavaSoft\JDK...
Check:		SOFTWARE\JavaSoft\JDK\17.0.12
Version string: 1.017.000_012 / 64-Bit (OK)
Check launcher:	C:\Program Files\Java\jdk-17\bin\javaw.exe (OK)
Check javac:	C:\Program Files\Java\jdk-17\bin\javac.exe (OK)
Match:		1.017.000_012
Runtime used:	1.017.000_012 (64-bit)
Main class:	Main
Add classpath:	dist\lib\javafx.controls.jar
Add classpath:	dist\lib\javafx.graphics.jar
Add classpath:	dist\lib\javafx.base.jar
Add classpath:	dist\lib\javafx.fxml.jar
Launcher:	C:\Program Files\Java\jdk-17\bin\javaw.exe
Launcher args:	-Dprism.order=sw -classpath "E:\roborunner\RoboRunner\dist\RobotRunner.exe;dist\lib\javafx.controls.jar;dist\lib\javafx.graphics.jar;dist\lib\javafx.base.jar;dist\lib\javafx.fxml.jar" Main
Args length:	188/32768 chars
Exit code:	1


Version:	3.50
CmdLine:	E:\roborunner\RoboRunner\dist\RobotRunner.exe --l4j-debug
JNI:		No
WOW64:		Yes
Working dir:	E:\roborunner\RoboRunner\dist\.
Requires JDK:	Yes
Requires 64-Bit: Yes
Java min ver:	1.017.000
Java max ver:	
JRE paths:	runtime
Check launcher:	E:\roborunner\RoboRunner\dist\runtime\bin\javaw.exe (not found)
64-bit search:	SOFTWARE\JavaSoft\Java Development Kit...
64-bit search:	SOFTWARE\JavaSoft\JDK...
Check:		SOFTWARE\JavaSoft\JDK\17.0.12
Version string: 1.017.000_012 / 64-Bit (OK)
Check launcher:	C:\Program Files\Java\jdk-17\bin\javaw.exe (OK)
Check javac:	C:\Program Files\Java\jdk-17\bin\javac.exe (OK)
Match:		1.017.000_012
Runtime used:	1.017.000_012 (64-bit)
Main class:	Main
Add classpath:	dist\lib\javafx.controls.jar
Add classpath:	dist\lib\javafx.graphics.jar
Add classpath:	dist\lib\javafx.base.jar
Add classpath:	dist\lib\javafx.fxml.jar
Launcher:	C:\Program Files\Java\jdk-17\bin\javaw.exe
Launcher args:	-Dprism.order=sw -classpath "E:\roborunner\RoboRunner\dist\RobotRunner.exe;dist\lib\javafx.controls.jar;dist\lib\javafx.graphics.jar;dist\lib\javafx.base.jar;dist\lib\javafx.fxml.jar" Main
Args length:	188/32768 chars
Exit code:	1


Version:	3.50
CmdLine:	E:\roborunner\RoboRunner\dist\RobotRunner.exe --l4j-debug
JNI:		No
WOW64:		Yes
Working dir:	E:\roborunner\RoboRunner\dist\.
Requires JDK:	Yes
Requires 64-Bit: Yes
Java min ver:	1.017.000
Java max ver:	
JRE paths:	runtime
Check launcher:	E:\roborunner\RoboRunner\dist\runtime\bin\javaw.exe (not found)
64-bit search:	SOFTWARE\JavaSoft\Java Development Kit...
64-bit search:	SOFTWARE\JavaSoft\JDK...
Check:		SOFTWARE\JavaSoft\JDK\17.0.12
Version string: 1.017.000_012 / 64-Bit (OK)
Check launcher:	C:\Program Files\Java\jdk-17\bin\javaw.exe (OK)
Check javac:	C:\Program Files\Java\jdk-17\bin\javac.exe (OK)
Match:		1.017.000_012
Runtime used:	1.017.000_012 (64-bit)
Main class:	Main
Add classpath:	dist\lib\javafx.controls.jar
Add classpath:	dist\lib\javafx.graphics.jar
Add classpath:	dist\lib\javafx.base.jar
Add classpath:	dist\lib\javafx.fxml.jar
Launcher:	C:\Program Files\Java\jdk-17\bin\javaw.exe
Launcher args:	-Dprism.order=sw -classpath "E:\roborunner\RoboRunner\dist\RobotRunner.exe;dist\lib\javafx.controls.jar;dist\lib\javafx.graphics.jar;dist\lib\javafx.base.jar;dist\lib\javafx.fxml.jar" Main
Args length:	188/32768 chars
Exit code:	1


Version:	3.50
CmdLine:	E:\roborunner\RoboRunner\dist\RobotRunner.exe --l4j-debug
JNI:		No
WOW64:		Yes
Working dir:	E:\roborunner\RoboRunner\dist\.
Requires JDK:	Yes
Requires 64-Bit: Yes
Java min ver:	1.017.000
Java max ver:	
JRE paths:	runtime
Check launcher:	E:\roborunner\RoboRunner\dist\runtime\bin\javaw.exe (not found)
64-bit search:	SOFTWARE\JavaSoft\Java Development Kit...
64-bit search:	SOFTWARE\JavaSoft\JDK...
Check:		SOFTWARE\JavaSoft\JDK\17.0.12
Version string: 1.017.000_012 / 64-Bit (OK)
Check launcher:	C:\Program Files\Java\jdk-17\bin\javaw.exe (OK)
Check javac:	C:\Program Files\Java\jdk-17\bin\javac.exe (OK)
Match:		1.017.000_012
Runtime used:	1.017.000_012 (64-bit)
Main class:	Main
Add classpath:	dist\lib\javafx.controls.jar
Add classpath:	dist\lib\javafx.graphics.jar
Add classpath:	dist\lib\javafx.base.jar
Add classpath:	dist\lib\javafx.fxml.jar
Launcher:	C:\Program Files\Java\jdk-17\bin\javaw.exe
Launcher args:	-Dprism.order=sw -classpath "E:\roborunner\RoboRunner\dist\RobotRunner.exe;dist\lib\javafx.controls.jar;dist\lib\javafx.graphics.jar;dist\lib\javafx.base.jar;dist\lib\javafx.fxml.jar" Main
Args length:	188/32768 chars
Exit code:	1


Version:	3.50
CmdLine:	E:\roborunner\RoboRunner\dist\RobotRunner.exe --l4j-debug
JNI:		No
WOW64:		Yes
Working dir:	E:\roborunner\RoboRunner\dist\.
Requires JDK:	Yes
Requires 64-Bit: Yes
Java min ver:	1.017.000
Java max ver:	
JRE paths:	runtime
Check launcher:	E:\roborunner\RoboRunner\dist\runtime\bin\javaw.exe (not found)
64-bit search:	SOFTWARE\JavaSoft\Java Development Kit...
64-bit search:	SOFTWARE\JavaSoft\JDK...
Check:		SOFTWARE\JavaSoft\JDK\17.0.12
Version string: 1.017.000_012 / 64-Bit (OK)
Check launcher:	C:\Program Files\Java\jdk-17\bin\javaw.exe (OK)
Check javac:	C:\Program Files\Java\jdk-17\bin\javac.exe (OK)
Match:		1.017.000_012
Runtime used:	1.017.000_012 (64-bit)
Main class:	Main
Add classpath:	dist\lib\javafx.controls.jar
Add classpath:	dist\lib\javafx.graphics.jar
Add classpath:	dist\lib\javafx.base.jar
Add classpath:	dist\lib\javafx.fxml.jar
Launcher:	C:\Program Files\Java\jdk-17\bin\javaw.exe
Launcher args:	-Dprism.order=sw -classpath "E:\roborunner\RoboRunner\dist\RobotRunner.exe;dist\lib\javafx.controls.jar;dist\lib\javafx.graphics.jar;dist\lib\javafx.base.jar;dist\lib\javafx.fxml.jar" Main
Args length:	188/32768 chars
Exit code:	1


Version:	3.50
CmdLine:	E:\roborunner\RoboRunner\dist\RobotRunner.exe --l4j-debug
JNI:		No
WOW64:		Yes
Working dir:	E:\roborunner\RoboRunner\dist\.
Requires JDK:	Yes
Requires 64-Bit: Yes
Java min ver:	1.017.000
Java max ver:	
JRE paths:	runtime
Check launcher:	E:\roborunner\RoboRunner\dist\runtime\bin\javaw.exe (not found)
64-bit search:	SOFTWARE\JavaSoft\Java Development Kit...
64-bit search:	SOFTWARE\JavaSoft\JDK...
Check:		SOFTWARE\JavaSoft\JDK\17.0.12
Version string: 1.017.000_012 / 64-Bit (OK)
Check launcher:	C:\Program Files\Java\jdk-17\bin\javaw.exe (OK)
Check javac:	C:\Program Files\Java\jdk-17\bin\javac.exe (OK)
Match:		1.017.000_012
Runtime used:	1.017.000_012 (64-bit)
Main class:	Main
Add classpath:	dist\lib\javafx.controls.jar
Add classpath:	dist\lib\javafx.graphics.jar
Add classpath:	dist\lib\javafx.base.jar
Add classpath:	dist\lib\javafx.fxml.jar
Launcher:	C:\Program Files\Java\jdk-17\bin\javaw.exe
Launcher args:	-Dprism.order=sw -classpath "E:\roborunner\RoboRunner\dist\RobotRunner.exe;dist\lib\javafx.controls.jar;dist\lib\javafx.graphics.jar;dist\lib\javafx.base.jar;dist\lib\javafx.fxml.jar" Main
Args length:	188/32768 chars
Exit code:	1


Version:	3.50
CmdLine:	E:\roborunner\RoboRunner\dist\RobotRunner.exe --l4j-debug
JNI:		No
WOW64:		Yes
Working dir:	E:\roborunner\RoboRunner\dist\.
Requires JDK:	Yes
Requires 64-Bit: Yes
Java min ver:	1.017.000
Java max ver:	
JRE paths:	runtime
Check launcher:	E:\roborunner\RoboRunner\dist\runtime\bin\javaw.exe (not found)
64-bit search:	SOFTWARE\JavaSoft\Java Development Kit...
64-bit search:	SOFTWARE\JavaSoft\JDK...
Check:		SOFTWARE\JavaSoft\JDK\17.0.12
Version string: 1.017.000_012 / 64-Bit (OK)
Check launcher:	C:\Program Files\Java\jdk-17\bin\javaw.exe (OK)
Check javac:	C:\Program Files\Java\jdk-17\bin\javac.exe (OK)
Match:		1.017.000_012
Runtime used:	1.017.000_012 (64-bit)
Main class:	Main
Add classpath:	dist\lib\javafx.controls.jar
Add classpath:	dist\lib\javafx.graphics.jar
Add classpath:	dist\lib\javafx.base.jar
Add classpath:	dist\lib\javafx.fxml.jar
Launcher:	C:\Program Files\Java\jdk-17\bin\javaw.exe
Launcher args:	-Dprism.order=sw -classpath "E:\roborunner\RoboRunner\dist\RobotRunner.exe;dist\lib\javafx.controls.jar;dist\lib\javafx.graphics.jar;dist\lib\javafx.base.jar;dist\lib\javafx.fxml.jar" Main
Args length:	188/32768 chars
Exit code:	1


Version:	3.50
CmdLine:	E:\roborunner\RoboRunner\dist\RobotRunner.exe --l4j-debug
JNI:		No
WOW64:		Yes
Requires JDK:	Yes
Requires 64-Bit: Yes
Java min ver:	1.017.000
Java max ver:	
JRE paths:	runtime
Check launcher:	E:\roborunner\RoboRunner\dist\runtime\bin\javaw.exe (not found)
64-bit search:	SOFTWARE\JavaSoft\Java Development Kit...
64-bit search:	SOFTWARE\JavaSoft\JDK...
Check:		SOFTWARE\JavaSoft\JDK\17.0.12
Version string: 1.017.000_012 / 64-Bit (OK)
Check launcher:	C:\Program Files\Java\jdk-17\bin\javaw.exe (OK)
Check javac:	C:\Program Files\Java\jdk-17\bin\javac.exe (OK)
Match:		1.017.000_012
Runtime used:	1.017.000_012 (64-bit)
Heap -Xms:	Requested 128 MB / 0%, Available: 23642 MB, Heap size: 128 MB
Heap -Xmx:	Requested 512 MB / 0%, Available: 23642 MB, Heap size: 512 MB
Main class:	Main
Add classpath:	dist\lib\javafx.controls.jar
Add classpath:	dist\lib\javafx.graphics.jar
Add classpath:	dist\lib\javafx.base.jar
Add classpath:	dist\lib\javafx.fxml.jar
Launcher:	C:\Program Files\Java\jdk-17\bin\javaw.exe
Launcher args:	-Xms128m -Xmx512m -classpath "E:\roborunner\RoboRunner\dist\RobotRunner.exe;dist\lib\javafx.controls.jar;dist\lib\javafx.graphics.jar;dist\lib\javafx.base.jar;dist\lib\javafx.fxml.jar" Main
Args length:	189/32768 chars
Exit code:	0


Version:	3.50
CmdLine:	E:\roborunner\RoboRunner\dist\RobotRunner.exe --l4j-debug
JNI:		No
WOW64:		Yes
Requires JDK:	Yes
Requires 64-Bit: Yes
Java min ver:	1.017.000
Java max ver:	
JRE paths:	runtime
Check launcher:	E:\roborunner\RoboRunner\dist\runtime\bin\javaw.exe (not found)
64-bit search:	SOFTWARE\JavaSoft\Java Development Kit...
64-bit search:	SOFTWARE\JavaSoft\JDK...
Check:		SOFTWARE\JavaSoft\JDK\17.0.12
Version string: 1.017.000_012 / 64-Bit (OK)
Check launcher:	C:\Program Files\Java\jdk-17\bin\javaw.exe (OK)
Check javac:	C:\Program Files\Java\jdk-17\bin\javac.exe (OK)
Match:		1.017.000_012
Runtime used:	1.017.000_012 (64-bit)
Main class:	Main
Add classpath:	dist\lib\javafx.controls.jar
Add classpath:	dist\lib\javafx.graphics.jar
Add classpath:	dist\lib\javafx.base.jar
Add classpath:	dist\lib\javafx.fxml.jar
Launcher:	C:\Program Files\Java\jdk-17\bin\javaw.exe
Launcher args:	-classpath "E:\roborunner\RoboRunner\dist\RobotRunner.exe;dist\lib\javafx.controls.jar;dist\lib\javafx.graphics.jar;dist\lib\javafx.base.jar;dist\lib\javafx.fxml.jar" Main
Args length:	171/32768 chars
Exit code:	0


Version:	3.50
CmdLine:	E:\roborunner\RoboRunner\dist\RobotRunner.exe --l4j-debug
JNI:		No
WOW64:		Yes
Requires JDK:	Yes
Requires 64-Bit: Yes
Java min ver:	1.017.000
Java max ver:	
JRE paths:	runtime
Check launcher:	E:\roborunner\RoboRunner\dist\runtime\bin\javaw.exe (not found)
64-bit search:	SOFTWARE\JavaSoft\Java Development Kit...
64-bit search:	SOFTWARE\JavaSoft\JDK...
Check:		SOFTWARE\JavaSoft\JDK\17.0.12
Version string: 1.017.000_012 / 64-Bit (OK)
Check launcher:	C:\Program Files\Java\jdk-17\bin\javaw.exe (OK)
Check javac:	C:\Program Files\Java\jdk-17\bin\javac.exe (OK)
Match:		1.017.000_012
Runtime used:	1.017.000_012 (64-bit)
Main class:	Main
Add classpath:	dist\RoboRunner.jar
Launcher:	C:\Program Files\Java\jdk-17\bin\javaw.exe
Launcher args:	-classpath "E:\roborunner\RoboRunner\dist\RobotRunner.exe;dist\RoboRunner.jar" Main
Args length:	83/32768 chars
Exit code:	0


Version:	3.50
CmdLine:	E:\roborunner\RoboRunner\dist\RobotRunner.exe --l4j-debug
JNI:		No
WOW64:		Yes
Requires JDK:	Yes
Requires 64-Bit: Yes
Java min ver:	1.017.000
Java max ver:	
JRE paths:	runtime
Check launcher:	E:\roborunner\RoboRunner\dist\runtime\bin\javaw.exe (not found)
64-bit search:	SOFTWARE\JavaSoft\Java Development Kit...
64-bit search:	SOFTWARE\JavaSoft\JDK...
Check:		SOFTWARE\JavaSoft\JDK\17.0.12
Version string: 1.017.000_012 / 64-Bit (OK)
Check launcher:	C:\Program Files\Java\jdk-17\bin\javaw.exe (OK)
Check javac:	C:\Program Files\Java\jdk-17\bin\javac.exe (OK)
Match:		1.017.000_012
Runtime used:	1.017.000_012 (64-bit)
Main class:	Main
Add classpath:	dist\RoboRunner.jar
Launcher:	C:\Program Files\Java\jdk-17\bin\javaw.exe
Launcher args:	-classpath "E:\roborunner\RoboRunner\dist\RobotRunner.exe;dist\RoboRunner.jar" Main
Args length:	83/32768 chars
Exit code:	0


Version:	3.50
CmdLine:	E:\roborunner\RoboRunner\dist\RobotRunner.exe --l4j-debug
JNI:		No
WOW64:		Yes
Requires JDK:	Yes
Requires 64-Bit: Yes
Java min ver:	1.017.000
Java max ver:	
JRE paths:	runtime
Check launcher:	E:\roborunner\RoboRunner\dist\runtime\bin\javaw.exe (not found)
64-bit search:	SOFTWARE\JavaSoft\Java Development Kit...
64-bit search:	SOFTWARE\JavaSoft\JDK...
Check:		SOFTWARE\JavaSoft\JDK\17.0.12
Version string: 1.017.000_012 / 64-Bit (OK)
Check launcher:	C:\Program Files\Java\jdk-17\bin\javaw.exe (OK)
Check javac:	C:\Program Files\Java\jdk-17\bin\javac.exe (OK)
Match:		1.017.000_012
Runtime used:	1.017.000_012 (64-bit)
Main class:	Main
Add classpath:	dist\RoboRunner.jar
Launcher:	C:\Program Files\Java\jdk-17\bin\javaw.exe
Launcher args:	-classpath "E:\roborunner\RoboRunner\dist\RobotRunner.exe;dist\RoboRunner.jar" Main
Args length:	83/32768 chars
Exit code:	0


Version:	3.50
CmdLine:	E:\roborunner\RoboRunner\dist\RobotRunner.exe --l4j-debug
JNI:		No
WOW64:		Yes
Requires JDK:	Yes
Requires 64-Bit: Yes
Java min ver:	1.017.000
Java max ver:	
JRE paths:	runtime
Check launcher:	E:\roborunner\RoboRunner\dist\runtime\bin\javaw.exe (not found)
64-bit search:	SOFTWARE\JavaSoft\Java Development Kit...
64-bit search:	SOFTWARE\JavaSoft\JDK...
Check:		SOFTWARE\JavaSoft\JDK\17.0.12
Version string: 1.017.000_012 / 64-Bit (OK)
Check launcher:	C:\Program Files\Java\jdk-17\bin\javaw.exe (OK)
Check javac:	C:\Program Files\Java\jdk-17\bin\javac.exe (OK)
Match:		1.017.000_012
Runtime used:	1.017.000_012 (64-bit)
Main class:	Main
Add classpath:	dist\RoboRunner.jar
Launcher:	C:\Program Files\Java\jdk-17\bin\javaw.exe
Launcher args:	-classpath "E:\roborunner\RoboRunner\dist\RobotRunner.exe;dist\RoboRunner.jar" Main
Args length:	83/32768 chars
Exit code:	0


Version:	3.50
CmdLine:	E:\roborunner\RoboRunner\dist\RobotRunner.exe --l4j-debug
JNI:		No
WOW64:		Yes
Requires JDK:	Yes
Requires 64-Bit: Yes
Java min ver:	1.017.000
Java max ver:	
JRE paths:	runtime
Check launcher:	E:\roborunner\RoboRunner\dist\runtime\bin\javaw.exe (not found)
64-bit search:	SOFTWARE\JavaSoft\Java Development Kit...
64-bit search:	SOFTWARE\JavaSoft\JDK...
Check:		SOFTWARE\JavaSoft\JDK\17.0.12
Version string: 1.017.000_012 / 64-Bit (OK)
Check launcher:	C:\Program Files\Java\jdk-17\bin\javaw.exe (OK)
Check javac:	C:\Program Files\Java\jdk-17\bin\javac.exe (OK)
Match:		1.017.000_012
Runtime used:	1.017.000_012 (64-bit)
Main class:	Main
Add classpath:	dist\RoboRunner.jar
Launcher:	C:\Program Files\Java\jdk-17\bin\javaw.exe
Launcher args:	-classpath "E:\roborunner\RoboRunner\dist\RobotRunner.exe;dist\RoboRunner.jar" Main
Args length:	83/32768 chars
Exit code:	0


Version:	3.50
CmdLine:	E:\roborunner\RoboRunner\dist\RobotRunner.exe --l4j-debug
JNI:		No
WOW64:		Yes
Requires JDK:	Yes
Requires 64-Bit: Yes
Java min ver:	1.017.000
Java max ver:	
JRE paths:	runtime
Check launcher:	E:\roborunner\RoboRunner\dist\runtime\bin\javaw.exe (not found)
64-bit search:	SOFTWARE\JavaSoft\Java Development Kit...
64-bit search:	SOFTWARE\JavaSoft\JDK...
Check:		SOFTWARE\JavaSoft\JDK\17.0.12
Version string: 1.017.000_012 / 64-Bit (OK)
Check launcher:	C:\Program Files\Java\jdk-17\bin\javaw.exe (OK)
Check javac:	C:\Program Files\Java\jdk-17\bin\javac.exe (OK)
Match:		1.017.000_012
Runtime used:	1.017.000_012 (64-bit)
Main class:	Main
Add classpath:	dist\RoboRunner.jar
Launcher:	C:\Program Files\Java\jdk-17\bin\javaw.exe
Launcher args:	-classpath "E:\roborunner\RoboRunner\dist\RobotRunner.exe;dist\RoboRunner.jar" Main
Args length:	83/32768 chars
Exit code:	0


Version:	3.50
CmdLine:	E:\roborunner\RoboRunner\dist\RobotRunner.exe --l4j-debug
JNI:		No
WOW64:		Yes
Requires JDK:	Yes
Requires 64-Bit: Yes
Java min ver:	1.017.000
Java max ver:	
JRE paths:	runtime
Check launcher:	E:\roborunner\RoboRunner\dist\runtime\bin\javaw.exe (not found)
64-bit search:	SOFTWARE\JavaSoft\Java Development Kit...
64-bit search:	SOFTWARE\JavaSoft\JDK...
Check:		SOFTWARE\JavaSoft\JDK\17.0.12
Version string: 1.017.000_012 / 64-Bit (OK)
Check launcher:	C:\Program Files\Java\jdk-17\bin\javaw.exe (OK)
Check javac:	C:\Program Files\Java\jdk-17\bin\javac.exe (OK)
Match:		1.017.000_012
Runtime used:	1.017.000_012 (64-bit)
Main class:	Main
Add classpath:	dist\RoboRunner.jar
Launcher:	C:\Program Files\Java\jdk-17\bin\javaw.exe
Launcher args:	-classpath "E:\roborunner\RoboRunner\dist\RobotRunner.exe;dist\RoboRunner.jar" Main
Args length:	83/32768 chars
Exit code:	0


Version:	3.50
CmdLine:	E:\roborunner\RoboRunner\dist\RobotRunner.exe --l4j-debug
JNI:		No
WOW64:		Yes
Requires JDK:	Yes
Requires 64-Bit: Yes
Java min ver:	1.017.000
Java max ver:	
JRE paths:	runtime
Check launcher:	E:\roborunner\RoboRunner\dist\runtime\bin\javaw.exe (not found)
64-bit search:	SOFTWARE\JavaSoft\Java Development Kit...
64-bit search:	SOFTWARE\JavaSoft\JDK...
Check:		SOFTWARE\JavaSoft\JDK\17.0.12
Version string: 1.017.000_012 / 64-Bit (OK)
Check launcher:	C:\Program Files\Java\jdk-17\bin\javaw.exe (OK)
Check javac:	C:\Program Files\Java\jdk-17\bin\javac.exe (OK)
Match:		1.017.000_012
Runtime used:	1.017.000_012 (64-bit)
Main class:	Main
Add classpath:	dist\RoboRunner.jar
Launcher:	C:\Program Files\Java\jdk-17\bin\javaw.exe
Launcher args:	-classpath "E:\roborunner\RoboRunner\dist\RobotRunner.exe;dist\RoboRunner.jar" Main
Args length:	83/32768 chars
Exit code:	0


Version:	3.50
CmdLine:	E:\roborunner\RoboRunner\dist\RobotRunner.exe --l4j-debug
JNI:		No
WOW64:		Yes
Requires JDK:	Yes
Requires 64-Bit: Yes
Java min ver:	1.017.000
Java max ver:	
JRE paths:	runtime
Check launcher:	E:\roborunner\RoboRunner\dist\runtime\bin\javaw.exe (not found)
64-bit search:	SOFTWARE\JavaSoft\Java Development Kit...
64-bit search:	SOFTWARE\JavaSoft\JDK...
Check:		SOFTWARE\JavaSoft\JDK\17.0.12
Version string: 1.017.000_012 / 64-Bit (OK)
Check launcher:	C:\Program Files\Java\jdk-17\bin\javaw.exe (OK)
Check javac:	C:\Program Files\Java\jdk-17\bin\javac.exe (OK)
Match:		1.017.000_012
Runtime used:	1.017.000_012 (64-bit)
Main class:	Main
Add classpath:	dist\RoboRunner.jar
Launcher:	C:\Program Files\Java\jdk-17\bin\javaw.exe
Launcher args:	-classpath "E:\roborunner\RoboRunner\dist\RobotRunner.exe;dist\RoboRunner.jar" Main
Args length:	83/32768 chars
Exit code:	0
